<?xml version="1.0" encoding="UTF-8"?>
<testng-results ignored="0" total="2" passed="2" failed="0" skipped="0">
  <reporter-output>
  </reporter-output>
  <suite started-at="2023-03-31T19:34:01 IST" name="Default suite" finished-at="2023-03-31T19:34:18 IST" duration-ms="16797">
    <groups>
    </groups>
    <test started-at="2023-03-31T19:34:01 IST" name="Default test" finished-at="2023-03-31T19:34:18 IST" duration-ms="16797">
      <class name="seleniumlive.advanceReports">
        <test-method is-config="true" signature="generateReport()[pri:0, instance:seleniumlive.advanceReports@4c402120]" started-at="2023-03-31T19:34:01 IST" name="generateReport" finished-at="2023-03-31T19:34:01 IST" duration-ms="274" status="PASS">
          <reporter-output>
          </reporter-output>
        </test-method> <!-- generateReport -->
        <test-method is-config="true" signature="setUp()[pri:0, instance:seleniumlive.advanceReports@4c402120]" started-at="2023-03-31T19:34:01 IST" name="setUp" finished-at="2023-03-31T19:34:09 IST" duration-ms="8335" status="PASS">
          <reporter-output>
          </reporter-output>
        </test-method> <!-- setUp -->
        <test-method signature="testcase1()[pri:0, instance:seleniumlive.advanceReports@4c402120]" started-at="2023-03-31T19:34:09 IST" name="testcase1" finished-at="2023-03-31T19:34:09 IST" duration-ms="24" status="PASS">
          <reporter-output>
          </reporter-output>
        </test-method> <!-- testcase1 -->
        <test-method is-config="true" signature="tearDown()[pri:0, instance:seleniumlive.advanceReports@4c402120]" started-at="2023-03-31T19:34:09 IST" name="tearDown" finished-at="2023-03-31T19:34:10 IST" duration-ms="686" status="PASS">
          <reporter-output>
          </reporter-output>
        </test-method> <!-- tearDown -->
        <test-method is-config="true" signature="setUp()[pri:0, instance:seleniumlive.advanceReports@4c402120]" started-at="2023-03-31T19:34:10 IST" name="setUp" finished-at="2023-03-31T19:34:17 IST" duration-ms="7067" status="PASS">
          <reporter-output>
          </reporter-output>
        </test-method> <!-- setUp -->
        <test-method signature="testcase2()[pri:0, instance:seleniumlive.advanceReports@4c402120]" started-at="2023-03-31T19:34:17 IST" name="testcase2" finished-at="2023-03-31T19:34:17 IST" duration-ms="11" status="PASS">
          <reporter-output>
          </reporter-output>
        </test-method> <!-- testcase2 -->
        <test-method is-config="true" signature="tearDown()[pri:0, instance:seleniumlive.advanceReports@4c402120]" started-at="2023-03-31T19:34:17 IST" name="tearDown" finished-at="2023-03-31T19:34:18 IST" duration-ms="337" status="PASS">
          <reporter-output>
          </reporter-output>
        </test-method> <!-- tearDown -->
      </class> <!-- seleniumlive.advanceReports -->
    </test> <!-- Default test -->
  </suite> <!-- Default suite -->
</testng-results>
